{"C:\\Users\\mathe\\Documents\\VScode\\React\\Fuel-Management-System\\server\\index.js": {"path":"C:\\Users\\mathe\\Documents\\VScode\\React\\Fuel-Management-System\\server\\index.js","statementMap":{"0":{"start":{"line":1,"column":16},"end":{"line":1,"column":34}},"1":{"start":{"line":2,"column":12},"end":{"line":2,"column":21}},"2":{"start":{"line":3,"column":14},"end":{"line":3,"column":30}},"3":{"start":{"line":4,"column":13},"end":{"line":4,"column":28}},"4":{"start":{"line":6,"column":0},"end":{"line":6,"column":16}},"5":{"start":{"line":7,"column":0},"end":{"line":7,"column":24}},"6":{"start":{"line":9,"column":12},"end":{"line":9,"column":14}},"7":{"start":{"line":12,"column":11},"end":{"line":17,"column":2}},"8":{"start":{"line":20,"column":0},"end":{"line":42,"column":3}},"9":{"start":{"line":21,"column":19},"end":{"line":21,"column":34}},"10":{"start":{"line":22,"column":20},"end":{"line":22,"column":36}},"11":{"start":{"line":23,"column":29},"end":{"line":23,"column":54}},"12":{"start":{"line":24,"column":25},"end":{"line":24,"column":46}},"13":{"start":{"line":25,"column":28},"end":{"line":25,"column":52}},"14":{"start":{"line":26,"column":27},"end":{"line":26,"column":50}},"15":{"start":{"line":27,"column":24},"end":{"line":27,"column":44}},"16":{"start":{"line":31,"column":4},"end":{"line":41,"column":6}},"17":{"start":{"line":34,"column":8},"end":{"line":39,"column":9}},"18":{"start":{"line":35,"column":12},"end":{"line":35,"column":29}},"19":{"start":{"line":37,"column":12},"end":{"line":37,"column":35}},"20":{"start":{"line":38,"column":12},"end":{"line":38,"column":53}},"21":{"start":{"line":44,"column":0},"end":{"line":52,"column":5}},"22":{"start":{"line":45,"column":4},"end":{"line":51,"column":7}},"23":{"start":{"line":46,"column":6},"end":{"line":50,"column":7}},"24":{"start":{"line":47,"column":8},"end":{"line":47,"column":25}},"25":{"start":{"line":49,"column":8},"end":{"line":49,"column":25}},"26":{"start":{"line":54,"column":2},"end":{"line":67,"column":5}},"27":{"start":{"line":55,"column":20},"end":{"line":55,"column":36}},"28":{"start":{"line":56,"column":29},"end":{"line":56,"column":54}},"29":{"start":{"line":57,"column":4},"end":{"line":66,"column":6}},"30":{"start":{"line":60,"column":8},"end":{"line":64,"column":9}},"31":{"start":{"line":61,"column":10},"end":{"line":61,"column":27}},"32":{"start":{"line":63,"column":10},"end":{"line":63,"column":27}},"33":{"start":{"line":69,"column":2},"end":{"line":78,"column":5}},"34":{"start":{"line":70,"column":20},"end":{"line":70,"column":38}},"35":{"start":{"line":71,"column":4},"end":{"line":77,"column":7}},"36":{"start":{"line":72,"column":6},"end":{"line":76,"column":7}},"37":{"start":{"line":73,"column":8},"end":{"line":73,"column":25}},"38":{"start":{"line":75,"column":8},"end":{"line":75,"column":25}},"39":{"start":{"line":81,"column":0},"end":{"line":83,"column":2}},"40":{"start":{"line":82,"column":4},"end":{"line":82,"column":60}},"41":{"start":{"line":87,"column":0},"end":{"line":87,"column":23}}},"fnMap":{"0":{"name":"(anonymous_0)","decl":{"start":{"line":20,"column":20},"end":{"line":20,"column":21}},"loc":{"start":{"line":20,"column":34},"end":{"line":42,"column":1}},"line":20},"1":{"name":"(anonymous_1)","decl":{"start":{"line":33,"column":4},"end":{"line":33,"column":5}},"loc":{"start":{"line":33,"column":21},"end":{"line":40,"column":5}},"line":33},"2":{"name":"(anonymous_2)","decl":{"start":{"line":44,"column":23},"end":{"line":44,"column":24}},"loc":{"start":{"line":44,"column":37},"end":{"line":52,"column":3}},"line":44},"3":{"name":"(anonymous_3)","decl":{"start":{"line":45,"column":41},"end":{"line":45,"column":42}},"loc":{"start":{"line":45,"column":58},"end":{"line":51,"column":5}},"line":45},"4":{"name":"(anonymous_4)","decl":{"start":{"line":54,"column":21},"end":{"line":54,"column":22}},"loc":{"start":{"line":54,"column":35},"end":{"line":67,"column":3}},"line":54},"5":{"name":"(anonymous_5)","decl":{"start":{"line":59,"column":6},"end":{"line":59,"column":7}},"loc":{"start":{"line":59,"column":23},"end":{"line":65,"column":7}},"line":59},"6":{"name":"(anonymous_6)","decl":{"start":{"line":69,"column":33},"end":{"line":69,"column":34}},"loc":{"start":{"line":69,"column":47},"end":{"line":78,"column":3}},"line":69},"7":{"name":"(anonymous_7)","decl":{"start":{"line":71,"column":66},"end":{"line":71,"column":67}},"loc":{"start":{"line":71,"column":83},"end":{"line":77,"column":5}},"line":71},"8":{"name":"(anonymous_8)","decl":{"start":{"line":81,"column":17},"end":{"line":81,"column":18}},"loc":{"start":{"line":81,"column":23},"end":{"line":83,"column":1}},"line":81}},"branchMap":{"0":{"loc":{"start":{"line":34,"column":8},"end":{"line":39,"column":9}},"type":"if","locations":[{"start":{"line":34,"column":8},"end":{"line":39,"column":9}},{"start":{"line":34,"column":8},"end":{"line":39,"column":9}}],"line":34},"1":{"loc":{"start":{"line":46,"column":6},"end":{"line":50,"column":7}},"type":"if","locations":[{"start":{"line":46,"column":6},"end":{"line":50,"column":7}},{"start":{"line":46,"column":6},"end":{"line":50,"column":7}}],"line":46},"2":{"loc":{"start":{"line":60,"column":8},"end":{"line":64,"column":9}},"type":"if","locations":[{"start":{"line":60,"column":8},"end":{"line":64,"column":9}},{"start":{"line":60,"column":8},"end":{"line":64,"column":9}}],"line":60},"3":{"loc":{"start":{"line":72,"column":6},"end":{"line":76,"column":7}},"type":"if","locations":[{"start":{"line":72,"column":6},"end":{"line":76,"column":7}},{"start":{"line":72,"column":6},"end":{"line":76,"column":7}}],"line":72}},"s":{"0":1,"1":1,"2":1,"3":1,"4":1,"5":1,"6":1,"7":1,"8":1,"9":0,"10":0,"11":0,"12":0,"13":0,"14":0,"15":0,"16":0,"17":0,"18":0,"19":0,"20":0,"21":1,"22":0,"23":0,"24":0,"25":0,"26":1,"27":0,"28":0,"29":0,"30":0,"31":0,"32":0,"33":1,"34":0,"35":0,"36":0,"37":0,"38":0,"39":1,"40":0,"41":1},"f":{"0":0,"1":0,"2":0,"3":0,"4":0,"5":0,"6":0,"7":0,"8":0},"b":{"0":[0,0],"1":[0,0],"2":[0,0],"3":[0,0]},"_coverageSchema":"1a1c01bbd47fc00a2c39e90264f33305004495a9","hash":"778713a16b9d0761cde2ad196bc2e1d23e862816"}
}
