{"C:\\Users\\mathe\\Documents\\VScode\\React\\Fuel-Management-System\\server\\index.js": {"path":"C:\\Users\\mathe\\Documents\\VScode\\React\\Fuel-Management-System\\server\\index.js","statementMap":{"0":{"start":{"line":1,"column":16},"end":{"line":1,"column":34}},"1":{"start":{"line":2,"column":12},"end":{"line":2,"column":21}},"2":{"start":{"line":3,"column":14},"end":{"line":3,"column":30}},"3":{"start":{"line":4,"column":13},"end":{"line":4,"column":28}},"4":{"start":{"line":7,"column":16},"end":{"line":7,"column":33}},"5":{"start":{"line":8,"column":19},"end":{"line":8,"column":21}},"6":{"start":{"line":10,"column":12},"end":{"line":10,"column":14}},"7":{"start":{"line":12,"column":0},"end":{"line":12,"column":16}},"8":{"start":{"line":13,"column":0},"end":{"line":13,"column":24}},"9":{"start":{"line":19,"column":11},"end":{"line":24,"column":2}},"10":{"start":{"line":27,"column":0},"end":{"line":29,"column":2}},"11":{"start":{"line":28,"column":4},"end":{"line":28,"column":60}},"12":{"start":{"line":36,"column":0},"end":{"line":58,"column":3}},"13":{"start":{"line":38,"column":19},"end":{"line":38,"column":34}},"14":{"start":{"line":39,"column":21},"end":{"line":39,"column":38}},"15":{"start":{"line":40,"column":21},"end":{"line":40,"column":38}},"16":{"start":{"line":42,"column":4},"end":{"line":56,"column":6}},"17":{"start":{"line":44,"column":8},"end":{"line":46,"column":9}},"18":{"start":{"line":45,"column":12},"end":{"line":45,"column":29}},"19":{"start":{"line":47,"column":8},"end":{"line":55,"column":15}},"20":{"start":{"line":49,"column":16},"end":{"line":54,"column":17}},"21":{"start":{"line":50,"column":20},"end":{"line":50,"column":37}},"22":{"start":{"line":52,"column":20},"end":{"line":52,"column":46}},"23":{"start":{"line":53,"column":20},"end":{"line":53,"column":61}},"24":{"start":{"line":61,"column":0},"end":{"line":83,"column":3}},"25":{"start":{"line":62,"column":21},"end":{"line":62,"column":38}},"26":{"start":{"line":63,"column":21},"end":{"line":63,"column":38}},"27":{"start":{"line":65,"column":4},"end":{"line":82,"column":11}},"28":{"start":{"line":67,"column":12},"end":{"line":69,"column":13}},"29":{"start":{"line":68,"column":16},"end":{"line":68,"column":38}},"30":{"start":{"line":70,"column":12},"end":{"line":81,"column":13}},"31":{"start":{"line":71,"column":16},"end":{"line":77,"column":18}},"32":{"start":{"line":72,"column":20},"end":{"line":76,"column":21}},"33":{"start":{"line":73,"column":24},"end":{"line":73,"column":48}},"34":{"start":{"line":75,"column":24},"end":{"line":75,"column":85}},"35":{"start":{"line":80,"column":16},"end":{"line":80,"column":60}},"36":{"start":{"line":86,"column":0},"end":{"line":95,"column":3}},"37":{"start":{"line":87,"column":21},"end":{"line":87,"column":40}},"38":{"start":{"line":88,"column":4},"end":{"line":94,"column":7}},"39":{"start":{"line":89,"column":8},"end":{"line":93,"column":9}},"40":{"start":{"line":90,"column":12},"end":{"line":90,"column":36}},"41":{"start":{"line":92,"column":12},"end":{"line":92,"column":36}},"42":{"start":{"line":100,"column":0},"end":{"line":120,"column":3}},"43":{"start":{"line":101,"column":19},"end":{"line":101,"column":34}},"44":{"start":{"line":102,"column":20},"end":{"line":102,"column":36}},"45":{"start":{"line":103,"column":29},"end":{"line":103,"column":54}},"46":{"start":{"line":104,"column":25},"end":{"line":104,"column":46}},"47":{"start":{"line":105,"column":27},"end":{"line":105,"column":50}},"48":{"start":{"line":106,"column":24},"end":{"line":106,"column":44}},"49":{"start":{"line":110,"column":4},"end":{"line":119,"column":11}},"50":{"start":{"line":113,"column":12},"end":{"line":118,"column":13}},"51":{"start":{"line":114,"column":16},"end":{"line":114,"column":33}},"52":{"start":{"line":116,"column":16},"end":{"line":116,"column":39}},"53":{"start":{"line":117,"column":16},"end":{"line":117,"column":57}},"54":{"start":{"line":123,"column":0},"end":{"line":133,"column":3}},"55":{"start":{"line":124,"column":19},"end":{"line":124,"column":36}},"56":{"start":{"line":126,"column":4},"end":{"line":132,"column":7}},"57":{"start":{"line":127,"column":8},"end":{"line":131,"column":9}},"58":{"start":{"line":128,"column":12},"end":{"line":128,"column":36}},"59":{"start":{"line":130,"column":12},"end":{"line":130,"column":36}},"60":{"start":{"line":136,"column":2},"end":{"line":145,"column":3}},"61":{"start":{"line":137,"column":20},"end":{"line":137,"column":38}},"62":{"start":{"line":138,"column":4},"end":{"line":144,"column":7}},"63":{"start":{"line":139,"column":8},"end":{"line":143,"column":9}},"64":{"start":{"line":140,"column":12},"end":{"line":140,"column":36}},"65":{"start":{"line":142,"column":12},"end":{"line":142,"column":36}},"66":{"start":{"line":147,"column":0},"end":{"line":157,"column":2}},"67":{"start":{"line":149,"column":19},"end":{"line":149,"column":36}},"68":{"start":{"line":150,"column":4},"end":{"line":156,"column":6}},"69":{"start":{"line":151,"column":8},"end":{"line":155,"column":9}},"70":{"start":{"line":152,"column":12},"end":{"line":152,"column":28}},"71":{"start":{"line":154,"column":12},"end":{"line":154,"column":28}},"72":{"start":{"line":159,"column":0},"end":{"line":170,"column":3}},"73":{"start":{"line":161,"column":19},"end":{"line":161,"column":36}},"74":{"start":{"line":163,"column":4},"end":{"line":169,"column":7}},"75":{"start":{"line":164,"column":8},"end":{"line":168,"column":9}},"76":{"start":{"line":165,"column":12},"end":{"line":165,"column":36}},"77":{"start":{"line":167,"column":12},"end":{"line":167,"column":36}},"78":{"start":{"line":172,"column":0},"end":{"line":193,"column":2}},"79":{"start":{"line":173,"column":19},"end":{"line":173,"column":34}},"80":{"start":{"line":174,"column":21},"end":{"line":174,"column":38}},"81":{"start":{"line":175,"column":21},"end":{"line":175,"column":38}},"82":{"start":{"line":176,"column":21},"end":{"line":176,"column":38}},"83":{"start":{"line":177,"column":17},"end":{"line":177,"column":30}},"84":{"start":{"line":178,"column":20},"end":{"line":178,"column":36}},"85":{"start":{"line":179,"column":20},"end":{"line":179,"column":36}},"86":{"start":{"line":181,"column":8},"end":{"line":181,"column":115}},"87":{"start":{"line":182,"column":4},"end":{"line":192,"column":5}},"88":{"start":{"line":185,"column":12},"end":{"line":190,"column":13}},"89":{"start":{"line":186,"column":16},"end":{"line":186,"column":33}},"90":{"start":{"line":188,"column":16},"end":{"line":188,"column":39}},"91":{"start":{"line":189,"column":16},"end":{"line":189,"column":57}},"92":{"start":{"line":195,"column":0},"end":{"line":215,"column":2}},"93":{"start":{"line":196,"column":19},"end":{"line":196,"column":34}},"94":{"start":{"line":197,"column":21},"end":{"line":197,"column":38}},"95":{"start":{"line":198,"column":21},"end":{"line":198,"column":38}},"96":{"start":{"line":199,"column":21},"end":{"line":199,"column":38}},"97":{"start":{"line":200,"column":17},"end":{"line":200,"column":30}},"98":{"start":{"line":201,"column":20},"end":{"line":201,"column":36}},"99":{"start":{"line":202,"column":20},"end":{"line":202,"column":36}},"100":{"start":{"line":204,"column":8},"end":{"line":204,"column":110}},"101":{"start":{"line":206,"column":4},"end":{"line":214,"column":5}},"102":{"start":{"line":207,"column":8},"end":{"line":212,"column":9}},"103":{"start":{"line":208,"column":12},"end":{"line":208,"column":29}},"104":{"start":{"line":210,"column":12},"end":{"line":210,"column":35}},"105":{"start":{"line":211,"column":12},"end":{"line":211,"column":52}},"106":{"start":{"line":217,"column":0},"end":{"line":226,"column":3}},"107":{"start":{"line":218,"column":19},"end":{"line":218,"column":36}},"108":{"start":{"line":219,"column":4},"end":{"line":225,"column":7}},"109":{"start":{"line":220,"column":8},"end":{"line":224,"column":9}},"110":{"start":{"line":221,"column":12},"end":{"line":221,"column":36}},"111":{"start":{"line":223,"column":12},"end":{"line":223,"column":36}},"112":{"start":{"line":229,"column":0},"end":{"line":229,"column":23}}},"fnMap":{"0":{"name":"(anonymous_0)","decl":{"start":{"line":27,"column":17},"end":{"line":27,"column":18}},"loc":{"start":{"line":27,"column":23},"end":{"line":29,"column":1}},"line":27},"1":{"name":"(anonymous_1)","decl":{"start":{"line":36,"column":22},"end":{"line":36,"column":23}},"loc":{"start":{"line":36,"column":36},"end":{"line":58,"column":1}},"line":36},"2":{"name":"(anonymous_2)","decl":{"start":{"line":42,"column":38},"end":{"line":42,"column":39}},"loc":{"start":{"line":42,"column":53},"end":{"line":56,"column":5}},"line":42},"3":{"name":"(anonymous_3)","decl":{"start":{"line":48,"column":38},"end":{"line":48,"column":39}},"loc":{"start":{"line":48,"column":55},"end":{"line":55,"column":13}},"line":48},"4":{"name":"(anonymous_4)","decl":{"start":{"line":61,"column":19},"end":{"line":61,"column":20}},"loc":{"start":{"line":61,"column":33},"end":{"line":83,"column":1}},"line":61},"5":{"name":"(anonymous_5)","decl":{"start":{"line":66,"column":8},"end":{"line":66,"column":9}},"loc":{"start":{"line":66,"column":25},"end":{"line":82,"column":9}},"line":66},"6":{"name":"(anonymous_6)","decl":{"start":{"line":71,"column":61},"end":{"line":71,"column":62}},"loc":{"start":{"line":71,"column":82},"end":{"line":77,"column":17}},"line":71},"7":{"name":"(anonymous_7)","decl":{"start":{"line":86,"column":29},"end":{"line":86,"column":30}},"loc":{"start":{"line":86,"column":43},"end":{"line":95,"column":1}},"line":86},"8":{"name":"(anonymous_8)","decl":{"start":{"line":88,"column":68},"end":{"line":88,"column":69}},"loc":{"start":{"line":88,"column":85},"end":{"line":94,"column":5}},"line":88},"9":{"name":"(anonymous_9)","decl":{"start":{"line":100,"column":20},"end":{"line":100,"column":21}},"loc":{"start":{"line":100,"column":34},"end":{"line":120,"column":1}},"line":100},"10":{"name":"(anonymous_10)","decl":{"start":{"line":112,"column":8},"end":{"line":112,"column":9}},"loc":{"start":{"line":112,"column":25},"end":{"line":119,"column":9}},"line":112},"11":{"name":"(anonymous_11)","decl":{"start":{"line":123,"column":31},"end":{"line":123,"column":32}},"loc":{"start":{"line":123,"column":45},"end":{"line":133,"column":1}},"line":123},"12":{"name":"(anonymous_12)","decl":{"start":{"line":126,"column":67},"end":{"line":126,"column":68}},"loc":{"start":{"line":126,"column":84},"end":{"line":132,"column":5}},"line":126},"13":{"name":"(anonymous_13)","decl":{"start":{"line":136,"column":33},"end":{"line":136,"column":34}},"loc":{"start":{"line":136,"column":47},"end":{"line":145,"column":1}},"line":136},"14":{"name":"(anonymous_14)","decl":{"start":{"line":138,"column":66},"end":{"line":138,"column":67}},"loc":{"start":{"line":138,"column":83},"end":{"line":144,"column":5}},"line":138},"15":{"name":"(anonymous_15)","decl":{"start":{"line":147,"column":31},"end":{"line":147,"column":32}},"loc":{"start":{"line":147,"column":44},"end":{"line":157,"column":1}},"line":147},"16":{"name":"(anonymous_16)","decl":{"start":{"line":150,"column":64},"end":{"line":150,"column":65}},"loc":{"start":{"line":150,"column":80},"end":{"line":156,"column":5}},"line":150},"17":{"name":"(anonymous_17)","decl":{"start":{"line":159,"column":28},"end":{"line":159,"column":29}},"loc":{"start":{"line":159,"column":41},"end":{"line":170,"column":1}},"line":159},"18":{"name":"(anonymous_18)","decl":{"start":{"line":163,"column":83},"end":{"line":163,"column":84}},"loc":{"start":{"line":163,"column":99},"end":{"line":169,"column":5}},"line":163},"19":{"name":"(anonymous_19)","decl":{"start":{"line":172,"column":20},"end":{"line":172,"column":21}},"loc":{"start":{"line":172,"column":33},"end":{"line":193,"column":1}},"line":172},"20":{"name":"(anonymous_20)","decl":{"start":{"line":184,"column":8},"end":{"line":184,"column":9}},"loc":{"start":{"line":184,"column":25},"end":{"line":191,"column":9}},"line":184},"21":{"name":"(anonymous_21)","decl":{"start":{"line":195,"column":17},"end":{"line":195,"column":18}},"loc":{"start":{"line":195,"column":30},"end":{"line":215,"column":1}},"line":195},"22":{"name":"(anonymous_22)","decl":{"start":{"line":206,"column":88},"end":{"line":206,"column":89}},"loc":{"start":{"line":206,"column":105},"end":{"line":213,"column":5}},"line":206},"23":{"name":"(anonymous_23)","decl":{"start":{"line":217,"column":29},"end":{"line":217,"column":30}},"loc":{"start":{"line":217,"column":43},"end":{"line":226,"column":1}},"line":217},"24":{"name":"(anonymous_24)","decl":{"start":{"line":219,"column":68},"end":{"line":219,"column":69}},"loc":{"start":{"line":219,"column":85},"end":{"line":225,"column":5}},"line":219}},"branchMap":{"0":{"loc":{"start":{"line":44,"column":8},"end":{"line":46,"column":9}},"type":"if","locations":[{"start":{"line":44,"column":8},"end":{"line":46,"column":9}},{"start":{"line":44,"column":8},"end":{"line":46,"column":9}}],"line":44},"1":{"loc":{"start":{"line":49,"column":16},"end":{"line":54,"column":17}},"type":"if","locations":[{"start":{"line":49,"column":16},"end":{"line":54,"column":17}},{"start":{"line":49,"column":16},"end":{"line":54,"column":17}}],"line":49},"2":{"loc":{"start":{"line":67,"column":12},"end":{"line":69,"column":13}},"type":"if","locations":[{"start":{"line":67,"column":12},"end":{"line":69,"column":13}},{"start":{"line":67,"column":12},"end":{"line":69,"column":13}}],"line":67},"3":{"loc":{"start":{"line":70,"column":12},"end":{"line":81,"column":13}},"type":"if","locations":[{"start":{"line":70,"column":12},"end":{"line":81,"column":13}},{"start":{"line":70,"column":12},"end":{"line":81,"column":13}}],"line":70},"4":{"loc":{"start":{"line":72,"column":20},"end":{"line":76,"column":21}},"type":"if","locations":[{"start":{"line":72,"column":20},"end":{"line":76,"column":21}},{"start":{"line":72,"column":20},"end":{"line":76,"column":21}}],"line":72},"5":{"loc":{"start":{"line":89,"column":8},"end":{"line":93,"column":9}},"type":"if","locations":[{"start":{"line":89,"column":8},"end":{"line":93,"column":9}},{"start":{"line":89,"column":8},"end":{"line":93,"column":9}}],"line":89},"6":{"loc":{"start":{"line":113,"column":12},"end":{"line":118,"column":13}},"type":"if","locations":[{"start":{"line":113,"column":12},"end":{"line":118,"column":13}},{"start":{"line":113,"column":12},"end":{"line":118,"column":13}}],"line":113},"7":{"loc":{"start":{"line":127,"column":8},"end":{"line":131,"column":9}},"type":"if","locations":[{"start":{"line":127,"column":8},"end":{"line":131,"column":9}},{"start":{"line":127,"column":8},"end":{"line":131,"column":9}}],"line":127},"8":{"loc":{"start":{"line":139,"column":8},"end":{"line":143,"column":9}},"type":"if","locations":[{"start":{"line":139,"column":8},"end":{"line":143,"column":9}},{"start":{"line":139,"column":8},"end":{"line":143,"column":9}}],"line":139},"9":{"loc":{"start":{"line":151,"column":8},"end":{"line":155,"column":9}},"type":"if","locations":[{"start":{"line":151,"column":8},"end":{"line":155,"column":9}},{"start":{"line":151,"column":8},"end":{"line":155,"column":9}}],"line":151},"10":{"loc":{"start":{"line":164,"column":8},"end":{"line":168,"column":9}},"type":"if","locations":[{"start":{"line":164,"column":8},"end":{"line":168,"column":9}},{"start":{"line":164,"column":8},"end":{"line":168,"column":9}}],"line":164},"11":{"loc":{"start":{"line":185,"column":12},"end":{"line":190,"column":13}},"type":"if","locations":[{"start":{"line":185,"column":12},"end":{"line":190,"column":13}},{"start":{"line":185,"column":12},"end":{"line":190,"column":13}}],"line":185},"12":{"loc":{"start":{"line":207,"column":8},"end":{"line":212,"column":9}},"type":"if","locations":[{"start":{"line":207,"column":8},"end":{"line":212,"column":9}},{"start":{"line":207,"column":8},"end":{"line":212,"column":9}}],"line":207},"13":{"loc":{"start":{"line":220,"column":8},"end":{"line":224,"column":9}},"type":"if","locations":[{"start":{"line":220,"column":8},"end":{"line":224,"column":9}},{"start":{"line":220,"column":8},"end":{"line":224,"column":9}}],"line":220}},"s":{"0":1,"1":1,"2":1,"3":1,"4":1,"5":1,"6":1,"7":1,"8":1,"9":1,"10":1,"11":0,"12":1,"13":0,"14":0,"15":0,"16":0,"17":0,"18":0,"19":0,"20":0,"21":0,"22":0,"23":0,"24":1,"25":0,"26":0,"27":0,"28":0,"29":0,"30":0,"31":0,"32":0,"33":0,"34":0,"35":0,"36":1,"37":0,"38":0,"39":0,"40":0,"41":0,"42":1,"43":0,"44":0,"45":0,"46":0,"47":0,"48":0,"49":0,"50":0,"51":0,"52":0,"53":0,"54":1,"55":0,"56":0,"57":0,"58":0,"59":0,"60":1,"61":0,"62":0,"63":0,"64":0,"65":0,"66":1,"67":0,"68":0,"69":0,"70":0,"71":0,"72":1,"73":0,"74":0,"75":0,"76":0,"77":0,"78":1,"79":0,"80":0,"81":0,"82":0,"83":0,"84":0,"85":0,"86":0,"87":0,"88":0,"89":0,"90":0,"91":0,"92":1,"93":0,"94":0,"95":0,"96":0,"97":0,"98":0,"99":0,"100":0,"101":0,"102":0,"103":0,"104":0,"105":0,"106":1,"107":0,"108":0,"109":0,"110":0,"111":0,"112":1},"f":{"0":0,"1":0,"2":0,"3":0,"4":0,"5":0,"6":0,"7":0,"8":0,"9":0,"10":0,"11":0,"12":0,"13":0,"14":0,"15":0,"16":0,"17":0,"18":0,"19":0,"20":0,"21":0,"22":0,"23":0,"24":0},"b":{"0":[0,0],"1":[0,0],"2":[0,0],"3":[0,0],"4":[0,0],"5":[0,0],"6":[0,0],"7":[0,0],"8":[0,0],"9":[0,0],"10":[0,0],"11":[0,0],"12":[0,0],"13":[0,0]},"_coverageSchema":"1a1c01bbd47fc00a2c39e90264f33305004495a9","hash":"745f2c8fb59313b640dc41bf6a29e39fe25177b2"}
}
